Arguments: 
  /usr/local/bin/node /usr/local/Cellar/yarn/1.17.3/libexec/bin/yarn.js add @clouderwork/ywk

PATH: 
  /usr/local/bin:/usr/bin:/bin:/usr/sbin:/sbin

Yarn version: 
  1.17.3

Node version: 
  10.15.3

Platform: 
  darwin x64

Trace: 
  Error: https://registry.npm.taobao.org/@clouderwork%2fywk: Not found
      at Request.params.callback [as _callback] (/usr/local/Cellar/yarn/1.17.3/libexec/lib/cli.js:66830:18)
      at Request.self.callback (/usr/local/Cellar/yarn/1.17.3/libexec/lib/cli.js:140464:22)
      at Request.emit (events.js:189:13)
      at Request.<anonymous> (/usr/local/Cellar/yarn/1.17.3/libexec/lib/cli.js:141436:10)
      at Request.emit (events.js:189:13)
      at IncomingMessage.<anonymous> (/usr/local/Cellar/yarn/1.17.3/libexec/lib/cli.js:141358:12)
      at Object.onceWrapper (events.js:277:13)
      at IncomingMessage.emit (events.js:194:15)
      at endReadableNT (_stream_readable.js:1125:12)
      at process._tickCallback (internal/process/next_tick.js:63:19)

npm manifest: 
  {
    "name": "fe-basic-study",
    "version": "1.0.0",
    "description": "study fe",
    "main": "Promise.js",
    "scripts": {
      "test": "echo \"Error: no test specified\" && exit 1"
    },
    "repository": {
      "type": "git",
      "url": "git+https://github.com/YellowPure/FE-basic-study.git"
    },
    "keywords": [
      "fe",
      "study"
    ],
    "author": "h.love.pure@gmail.com",
    "license": "ISC",
    "bugs": {
      "url": "https://github.com/YellowPure/FE-basic-study/issues"
    },
    "homepage": "https://github.com/YellowPure/FE-basic-study#readme",
    "devDependencies": {
      "accounting": "^0.4.1",
      "data.task": "^3.1.2",
      "lodash": "^4.17.11",
      "ramda": "^0.25.0"
    }
  }

yarn manifest: 
  No manifest

Lockfile: 
  No lockfile
